Invoke-RestMethod: D:\ORION_PHARMA_PLATFORM\orion-pharma-platform\scripts\runpack.ps1:119
Line |
 119 |  … $response = Invoke-RestMethod -Method Get -Uri 'http://localhost:3001 …
     |                ~~~~~~~~~~~~~~~~~~~~~~~~~~~~~~~~~~~~~~~~~~~~~~~~~~~~~~~~~
     | The response ended prematurely. (ResponseEnded)


Invoke-RestMethod: D:\ORION_PHARMA_PLATFORM\orion-pharma-platform\scripts\runpack.ps1:119
Line |
 119 |  … $response = Invoke-RestMethod -Method Get -Uri 'http://localhost:3001 …
     |                ~~~~~~~~~~~~~~~~~~~~~~~~~~~~~~~~~~~~~~~~~~~~~~~~~~~~~~~~~
     | The response ended prematurely. (ResponseEnded)


Invoke-RestMethod: D:\ORION_PHARMA_PLATFORM\orion-pharma-platform\scripts\runpack.ps1:119
Line |
 119 |  … $response = Invoke-RestMethod -Method Get -Uri 'http://localhost:3001 …
     |                ~~~~~~~~~~~~~~~~~~~~~~~~~~~~~~~~~~~~~~~~~~~~~~~~~~~~~~~~~
     | The response ended prematurely. (ResponseEnded)


Invoke-RestMethod: D:\ORION_PHARMA_PLATFORM\orion-pharma-platform\scripts\runpack.ps1:119
Line |
 119 |  … $response = Invoke-RestMethod -Method Get -Uri 'http://localhost:3001 …
     |                ~~~~~~~~~~~~~~~~~~~~~~~~~~~~~~~~~~~~~~~~~~~~~~~~~~~~~~~~~
     | The response ended prematurely. (ResponseEnded)


Invoke-RestMethod: D:\ORION_PHARMA_PLATFORM\orion-pharma-platform\scripts\runpack.ps1:119
Line |
 119 |  … $response = Invoke-RestMethod -Method Get -Uri 'http://localhost:3001 …
     |                ~~~~~~~~~~~~~~~~~~~~~~~~~~~~~~~~~~~~~~~~~~~~~~~~~~~~~~~~~
     | The response ended prematurely. (ResponseEnded)


Invoke-RestMethod: D:\ORION_PHARMA_PLATFORM\orion-pharma-platform\scripts\runpack.ps1:119
Line |
 119 |  … $response = Invoke-RestMethod -Method Get -Uri 'http://localhost:3001 …
     |                ~~~~~~~~~~~~~~~~~~~~~~~~~~~~~~~~~~~~~~~~~~~~~~~~~~~~~~~~~
     | The response ended prematurely. (ResponseEnded)


Invoke-RestMethod: D:\ORION_PHARMA_PLATFORM\orion-pharma-platform\scripts\runpack.ps1:119
Line |
 119 |  … $response = Invoke-RestMethod -Method Get -Uri 'http://localhost:3001 …
     |                ~~~~~~~~~~~~~~~~~~~~~~~~~~~~~~~~~~~~~~~~~~~~~~~~~~~~~~~~~
     | The response ended prematurely. (ResponseEnded)


Invoke-RestMethod: D:\ORION_PHARMA_PLATFORM\orion-pharma-platform\scripts\runpack.ps1:119
Line |
 119 |  … $response = Invoke-RestMethod -Method Get -Uri 'http://localhost:3001 …
     |                ~~~~~~~~~~~~~~~~~~~~~~~~~~~~~~~~~~~~~~~~~~~~~~~~~~~~~~~~~
     | The response ended prematurely. (ResponseEnded)


check_9={"status":"ok"}
