$ corepack pnpm lint

> orion-pharma-platform@0.1.0 lint D:\ORION_PHARMA_PLATFORM\orion-pharma-platform
> corepack pnpm -r --if-present run lint

Scope: 7 of 8 workspace projects
packages/auth lint$ echo lint:auth
packages/accounting lint$ echo lint:accounting
apps/web lint$ next lint
apps/api lint$ eslint "{src,test}/**/*.ts" --fix
packages/auth lint: lint:auth
packages/auth lint: Done
packages/accounting lint: lint:accounting
packages/accounting lint: Done
packages/core lint$ echo lint:core
packages/intelligence lint$ echo lint:intelligence
packages/core lint: lint:core
packages/core lint: Done
packages/inventory lint$ echo lint:inventory
packages/intelligence lint: lint:intelligence
packages/intelligence lint: Done
packages/inventory lint: lint:inventory
packages/inventory lint: Done
apps/web lint: ✔ No ESLint warnings or errors
apps/web lint: Done
apps/api lint: D:\ORION_PHARMA_PLATFORM\orion-pharma-platform\apps\api\test\accounting.e2e-spec.ts
apps/api lint:   612:7  warning  Unsafe argument of type `any` assigned to a parameter of type `number`  @typescript-eslint/no-unsafe-argument
apps/api lint: ✖ 1 problem (0 errors, 1 warning)
apps/api lint: Done
